  
*** Using Compiler 'V5.06 update 6 (build 750)', folder: 'C:\Keil_v5\ARM\ARMCC\Bin'
Build target 'Device'
compiling FSMC.cpp...
compiling Hardware.cpp...
compiling EPROM.cpp...
compiling Sound.cpp...
compiling CLOCK.cpp...
compiling app_ethernet.cpp...
compiling usbd_cdc_interface.cpp...
compiling ethernetif.cpp...
compiling usbd_conf.cpp...
compiling Tables.cpp...
compiling main.cpp...
compiling Log.cpp...
compiling Grid.cpp...
compiling Colors.cpp...
compiling Painter.cpp...
compiling Display.cpp...
compiling WelcomeScreen.cpp...
compiling Ethernet.cpp...
compiling PainterText.cpp...
compiling FDrive.cpp...
compiling FPGA.cpp...
compiling FPGA_Settings.cpp...
compiling FPGA_Calibration.cpp...
compiling Menu.cpp...
compiling Storage.cpp...
compiling MenuItems.cpp...
compiling MenuFunctions.cpp...
compiling MenuDrawing.cpp...
compiling FileManager.cpp...
compiling MenuItemsLogic.cpp...
compiling MenuItemsGraphics.cpp...
compiling Definition.cpp...
compiling PageCursors.cpp...
compiling PageMemory.cpp...
compiling PageService.cpp...
compiling PageDebug.cpp...
compiling PageChannels.cpp...
compiling HelpContent.cpp...
compiling PageDisplay.cpp...
compiling PageMeasures.cpp...
compiling PageTrig.cpp...
compiling PageTime.cpp...
compiling Panel.cpp...
compiling Settings.cpp...
compiling SettingsChannel.cpp...
compiling SettingsDebug.cpp...
compiling SettingsCursors.cpp...
compiling SettingsDisplay.cpp...
compiling SettingsMemory.cpp...
compiling SettingsTime.cpp...
compiling SettingsService.cpp...
compiling Generator.cpp...
compiling Measures.cpp...
compiling GlobalFunctions.cpp...
compiling Math.cpp...
compiling channelSCPI.cpp...
compiling commonSCPI.cpp...
compiling displaySCPI.cpp...
compiling ProcessingSignal.cpp...
compiling tbaseSCPI.cpp...
compiling trigSCPI.cpp...
linking...
Program Size: Code=241560 RO-data=80516 RW-data=3552 ZI-data=125544  
After Build - User command #1: fromelf --bin --output .\s8-53.bin .\Objects\s8-53.axf
".\Objects\Device.axf" - 0 Error(s), 0 Warning(s).
Build Time Elapsed:  00:00:11
  
Batch-Build summary: 1 succeeded, 0 failed, 0 skipped - Time Elapsed: 00:00:11
