  
*** Using Compiler 'V5.06 update 6 (build 750)', folder: 'C:\Keil_v5\ARM\ARMCC\Bin'
Build target 'DLoader'
compiling FLASH.cpp...
compiling FSMC.cpp...
compiling main.cpp...
compiling Timer.cpp...
compiling Hardware.cpp...
compiling Colors.cpp...
compiling Display.cpp...
compiling Painter.cpp...
compiling Panel.cpp...
compiling Settings.cpp...
compiling FlashDrive.cpp...
compiling Math.cpp...
compiling PainterText.cpp...
compiling GlobalFunctions.cpp...
linking...
Program Size: Code=43374 RO-data=24702 RW-data=424 ZI-data=128920  
".\Objects\BootloaderS8-53.axf" - 0 Error(s), 0 Warning(s).
Build Time Elapsed:  00:00:02
  
Batch-Build summary: 1 succeeded, 0 failed, 0 skipped - Time Elapsed: 00:00:02
